Microsoft HTML Help Compiler 4.74.8702

Compiling c:\Users\Welcome\Desktop\help\TmpHtml\Help.chm

about.html
general1.html
support.html
order.html
solution.html
gettingstarted.html
mainmenu.html
toolbar.html
levels.html
scoring.html
navigation.html
future.html
help.png
nexttopic.png
prevtopic.png
Help.hhc
Help.hhk
solution3.gif
default.css
globalstyles.css
about3.tif
order3.tif
mainmenu3.tif
toolbar3.tif
scoring3.tif
navigation1.tif

Compile time: 0 minutes, 7 seconds
14	Topics
56	Local links
0	Internet links
1	Graphic


Created c:\Users\Welcome\Desktop\help\TmpHtml\Help.chm, 2,952,134 bytes
Compression decreased file by 34,118 bytes.
